<?xml version="1.0" encoding="UTF-8"?>
<testng-results skipped="0" failed="0" ignored="0" total="2" passed="2">
  <reporter-output>
    <line>
      <![CDATA[Hi]]>
    </line>
    <line>
      <![CDATA[Hello]]>
    </line>
  </reporter-output>
  <suite name="Suite" duration-ms="30" started-at="2018-02-23T11:34:30Z" finished-at="2018-02-23T11:34:30Z">
    <groups>
    </groups>
    <test name="none" duration-ms="30" started-at="2018-02-23T11:34:30Z" finished-at="2018-02-23T11:34:30Z">
      <class name="programs.DemoB">
        <test-method status="PASS" signature="print()[pri:0, instance:programs.DemoB@6895a785]" name="print" duration-ms="2" started-at="2018-02-23T17:04:30Z" finished-at="2018-02-23T17:04:30Z">
          <reporter-output>
            <line>
              <![CDATA[Hello]]>
            </line>
          </reporter-output>
        </test-method> <!-- print -->
      </class> <!-- programs.DemoB -->
      <class name="programs.DemoA">
        <test-method status="PASS" signature="disp()[pri:0, instance:programs.DemoA@64729b1e]" name="disp" duration-ms="11" started-at="2018-02-23T17:04:30Z" finished-at="2018-02-23T17:04:30Z">
          <reporter-output>
            <line>
              <![CDATA[Hi]]>
            </line>
          </reporter-output>
        </test-method> <!-- disp -->
      </class> <!-- programs.DemoA -->
    </test> <!-- none -->
  </suite> <!-- Suite -->
</testng-results>
