<?xml version="1.0" encoding="UTF-8"?>
<!-- Generated by org.testng.reporters.JUnitXMLReporter -->
<testsuite hostname="TYSS-MF-046" ignored="0" name="TestGC" tests="3" failures="0" timestamp="27 Feb 2018 10:47:26 GMT" time="67.005" errors="0">
  <testcase name="testvalidLogin" time="0.588" classname="scripts.Test_ValidLogin"/>
  <testcase name="testVerifyVersion" time="0.376" classname="scripts.Test_verifyVersion"/>
  <testcase name="testInvalidLogin" time="3.017" classname="scripts.Test_InvalidLogin"/>
</testsuite> <!-- TestGC -->
